export/release/android/bin/app/build/intermediates/manifest_merge_blame_file/debug/manifest-merger-blame-debug-report.txt
1<?xml version="1.0" encoding="utf-8"?>
2<manifest xmlns:android="http://schemas.android.com/apk/res/android"
3    package="com.kadeengine.vsisaak"
4    android:installLocation="auto"
5    android:versionCode="2"
6    android:versionName="0.2.7.1" >
7
8    <uses-sdk
8-->src\main\AndroidManifest.xml:13:2-70
9        android:minSdkVersion="16"
9-->src\main\AndroidManifest.xml:13:12-38
10        android:targetSdkVersion="28" />
10-->src\main\AndroidManifest.xml:13:39-68
11
12    <uses-feature
12-->src\main\AndroidManifest.xml:4:2-75
13        android:glEsVersion="0x00020000"
13-->src\main\AndroidManifest.xml:4:16-48
14        android:required="true" />
14-->src\main\AndroidManifest.xml:4:49-72
15    <uses-feature
15-->src\main\AndroidManifest.xml:5:2-87
16        android:name="android.hardware.touchscreen"
16-->src\main\AndroidManifest.xml:5:16-59
17        android:required="false" />
17-->src\main\AndroidManifest.xml:5:60-84
18
19    <uses-permission android:name="android.permission.WAKE_LOCK" />
19-->src\main\AndroidManifest.xml:7:2-65
19-->src\main\AndroidManifest.xml:7:19-62
20    <uses-permission android:name="android.permission.INTERNET" />
20-->src\main\AndroidManifest.xml:8:2-64
20-->src\main\AndroidManifest.xml:8:19-61
21    <uses-permission android:name="android.permission.VIBRATE" />
21-->src\main\AndroidManifest.xml:9:2-63
21-->src\main\AndroidManifest.xml:9:19-60
22    <uses-permission android:name="android.permission.ACCESS_NETWORK_STATE" />
22-->src\main\AndroidManifest.xml:10:2-76
22-->src\main\AndroidManifest.xml:10:19-73
23
24    <application
24-->src\main\AndroidManifest.xml:15:2-35:16
25        android:allowBackup="true"
25-->src\main\AndroidManifest.xml:15:76-102
26        android:debuggable="true"
27        android:hardwareAccelerated="true"
27-->src\main\AndroidManifest.xml:15:162-196
28        android:icon="@drawable/icon"
28-->src\main\AndroidManifest.xml:15:46-75
29        android:label="FNF: vs Isaak"
29-->src\main\AndroidManifest.xml:15:15-44
30        android:theme="@android:style/Theme.NoTitleBar.Fullscreen" >
30-->src\main\AndroidManifest.xml:15:103-161
31        <meta-data
31-->src\main\AndroidManifest.xml:20:3-107
32            android:name="SDL_ENV.SDL_IOS_ORIENTATIONS"
32-->src\main\AndroidManifest.xml:20:14-57
33            android:value="LandscapeLeft LandscapeRight" />
33-->src\main\AndroidManifest.xml:20:58-104
34
35        <activity
35-->src\main\AndroidManifest.xml:23:3-33:14
36            android:name="com.kadeengine.vsisaak.MainActivity"
36-->src\main\AndroidManifest.xml:23:13-40
37            android:configChanges="keyboardHidden|orientation|screenSize|screenLayout"
37-->src\main\AndroidManifest.xml:23:103-177
38            android:label="FNF: vs Isaak"
38-->src\main\AndroidManifest.xml:23:73-102
39            android:launchMode="singleTask"
39-->src\main\AndroidManifest.xml:23:41-72
40            android:screenOrientation="sensorLandscape" >
40-->src\main\AndroidManifest.xml:23:178-221
41            <intent-filter>
41-->src\main\AndroidManifest.xml:25:4-31:20
42                <action android:name="android.intent.action.MAIN" />
42-->src\main\AndroidManifest.xml:27:5-57
42-->src\main\AndroidManifest.xml:27:13-54
43
44                <category android:name="android.intent.category.LAUNCHER" />
44-->src\main\AndroidManifest.xml:28:5-65
44-->src\main\AndroidManifest.xml:28:15-62
45                <category android:name="tv.ouya.intent.category.GAME" />
45-->src\main\AndroidManifest.xml:29:5-61
45-->src\main\AndroidManifest.xml:29:15-58
46            </intent-filter>
47        </activity>
48    </application>
49
50</manifest>